<?xml version="1.0" encoding="UTF-8"?>
<!-- Generated by org.testng.reporters.JUnitXMLReporter -->
<testsuite ignored="0" hostname="DESKTOP-JKTER8U" failures="0" tests="5" name="Default test" time="0.156" errors="0" timestamp="2024-03-24T21:31:48 IST">
  <testcase classname="pacage1.Class2Test" name="method4" time="0.015"/>
  <testcase classname="pacage1.Class2Test" name="method5" time="0.009"/>
  <testcase classname="pacage1.Class2Test" name="method6" time="0.009"/>
  <testcase classname="pacage1.Class2Test" name="method7" time="0.002"/>
  <testcase classname="pacage1.Class2Test" name="method8" time="0.003"/>
</testsuite> <!-- Default test -->
