<?xml version="1.0" encoding="UTF-8"?>
<testng-results ignored="0" total="5" passed="5" failed="0" skipped="0">
  <reporter-output>
  </reporter-output>
  <suite started-at="2024-03-24T21:31:47 IST" name="Default suite" finished-at="2024-03-24T21:31:48 IST" duration-ms="156">
    <groups>
    </groups>
    <test started-at="2024-03-24T21:31:47 IST" name="Default test" finished-at="2024-03-24T21:31:48 IST" duration-ms="156">
      <class name="pacage1.Class2Test">
        <test-method signature="method4()[pri:0, instance:pacage1.Class2Test@6aeb35e6]" started-at="2024-03-24T21:31:47 IST" name="method4" finished-at="2024-03-24T21:31:47 IST" duration-ms="15" status="PASS">
          <reporter-output>
          </reporter-output>
        </test-method> <!-- method4 -->
        <test-method signature="method5()[pri:0, instance:pacage1.Class2Test@6aeb35e6]" started-at="2024-03-24T21:31:47 IST" name="method5" finished-at="2024-03-24T21:31:47 IST" duration-ms="9" status="PASS">
          <reporter-output>
          </reporter-output>
        </test-method> <!-- method5 -->
        <test-method signature="method6()[pri:0, instance:pacage1.Class2Test@6aeb35e6]" started-at="2024-03-24T21:31:48 IST" name="method6" finished-at="2024-03-24T21:31:48 IST" duration-ms="9" status="PASS">
          <reporter-output>
          </reporter-output>
        </test-method> <!-- method6 -->
        <test-method signature="method7()[pri:0, instance:pacage1.Class2Test@6aeb35e6]" started-at="2024-03-24T21:31:48 IST" name="method7" finished-at="2024-03-24T21:31:48 IST" duration-ms="2" status="PASS">
          <reporter-output>
          </reporter-output>
        </test-method> <!-- method7 -->
        <test-method signature="method8()[pri:0, instance:pacage1.Class2Test@6aeb35e6]" started-at="2024-03-24T21:31:48 IST" name="method8" finished-at="2024-03-24T21:31:48 IST" duration-ms="3" status="PASS">
          <reporter-output>
          </reporter-output>
        </test-method> <!-- method8 -->
      </class> <!-- pacage1.Class2Test -->
    </test> <!-- Default test -->
  </suite> <!-- Default suite -->
</testng-results>
